<?xml version="1.0" encoding="UTF-8"?>
<!-- Generated by org.testng.reporters.JUnitXMLReporter -->
<testsuite hostname="Venkat" ignored="0" name="Default test(failed)" tests="1" failures="1" timestamp="22 Oct 2018 04:19:12 GMT" time="45.233" errors="0">
  <testcase name="MySlideBox" time="45.191" classname="Automation.Bu_Login">
    <failure type="org.openqa.selenium.ElementNotVisibleException" message="Element is not currently visible and so may not be interacted with
Command duration or timeout: 0 milliseconds">
      <![CDATA[org.openqa.selenium.ElementNotVisibleException: Element is not currently visible and so may not be interacted with
Command duration or timeout: 0 milliseconds
at org.openqa.selenium.remote.ErrorHandler.createThrowable(ErrorHandler.java:214)
at org.openqa.selenium.remote.ErrorHandler.throwIfResponseFailed(ErrorHandler.java:166)
at org.openqa.selenium.remote.http.JsonHttpResponseCodec.reconstructValue(JsonHttpResponseCodec.java:40)
at org.openqa.selenium.remote.http.AbstractHttpResponseCodec.decode(AbstractHttpResponseCodec.java:80)
at org.openqa.selenium.remote.http.AbstractHttpResponseCodec.decode(AbstractHttpResponseCodec.java:44)
at org.openqa.selenium.remote.HttpCommandExecutor.execute(HttpCommandExecutor.java:158)
at org.openqa.selenium.remote.service.DriverCommandExecutor.execute(DriverCommandExecutor.java:83)
at org.openqa.selenium.remote.RemoteWebDriver.execute(RemoteWebDriver.java:548)
at org.openqa.selenium.remote.RemoteWebElement.execute(RemoteWebElement.java:276)
at org.openqa.selenium.remote.RemoteWebElement.sendKeys(RemoteWebElement.java:100)
at Automation.Bu_Login.MySlideBox(Bu_Login.java:28)
Caused by: org.openqa.selenium.ElementNotVisibleException: Element is not currently visible and so may not be interacted with
Build info: version: '3.14.0', revision: 'aacccce0', time: '2018-08-02T20:05:20.749Z'
System info: host: 'VENKAT', ip: '192.168.2.11', os.name: 'Windows 10', os.arch: 'amd64', os.version: '10.0', java.version: '1.8.0_111'
Driver info: driver.version: unknown
at <anonymous class>.fxdriver.preconditions.visible(file:///C:/Users/jobs/AppData/Local/Temp/anonymous2006317728214633301webdriver-profile/extensions/fxdriver@googlecode.com/components/command-processor.js:11395)
at <anonymous class>.DelayedCommand.prototype.checkPreconditions_(file:///C:/Users/jobs/AppData/Local/Temp/anonymous2006317728214633301webdriver-profile/extensions/fxdriver@googlecode.com/components/command-processor.js:13371)
at <anonymous class>.DelayedCommand.prototype.executeInternal_/k(file:///C:/Users/jobs/AppData/Local/Temp/anonymous2006317728214633301webdriver-profile/extensions/fxdriver@googlecode.com/components/command-processor.js:13388)
at <anonymous class>.DelayedCommand.prototype.executeInternal_(file:///C:/Users/jobs/AppData/Local/Temp/anonymous2006317728214633301webdriver-profile/extensions/fxdriver@googlecode.com/components/command-processor.js:13393)
at <anonymous class>.DelayedCommand.prototype.execute/<(file:///C:/Users/jobs/AppData/Local/Temp/anonymous2006317728214633301webdriver-profile/extensions/fxdriver@googlecode.com/components/command-processor.js:13335)
... Removed 29 stack frames]]>
    </failure>
  </testcase> <!-- MySlideBox -->
</testsuite> <!-- Default test(failed) -->
